2022-03-01 15:08:00 [scrapy.utils.log] INFO: Scrapy 2.5.1 started (bot: je_get_os)
2022-03-01 15:08:01 [scrapy.utils.log] INFO: Versions: lxml 4.8.0.0, libxml2 2.9.12, cssselect 1.1.0, parsel 1.6.0, w3lib 1.22.0, Twisted 22.1.0, Python 3.10.2 (tags/v3.10.2:a58ebcc, Jan 17 2022, 14:12:15) [MSC v.1929 64 bit (AMD64)], pyOpenSSL 22.0.0 (OpenSSL 1.1.1m  14 Dec 2021), cryptography 36.0.1, Platform Windows-10-10.0.22000-SP0
2022-03-01 15:08:01 [scrapy.utils.log] DEBUG: Using reactor: twisted.internet.selectreactor.SelectReactor
2022-03-01 15:08:01 [scrapy.crawler] INFO: Overridden settings:
{'BOT_NAME': 'je_get_os',
 'LOG_FILE': 'imdbb.log',
 'NEWSPIDER_MODULE': 'je_get_os.spiders',
 'ROBOTSTXT_OBEY': True,
 'SPIDER_MODULES': ['je_get_os.spiders']}
2022-03-01 15:08:01 [scrapy.extensions.telnet] INFO: Telnet Password: 8b98962c0fd3df40
2022-03-01 15:08:01 [scrapy.middleware] INFO: Enabled extensions:
['scrapy.extensions.corestats.CoreStats',
 'scrapy.extensions.telnet.TelnetConsole',
 'scrapy.extensions.logstats.LogStats']
2022-03-01 15:08:02 [scrapy.middleware] INFO: Enabled downloader middlewares:
['scrapy.downloadermiddlewares.robotstxt.RobotsTxtMiddleware',
 'scrapy.downloadermiddlewares.httpauth.HttpAuthMiddleware',
 'scrapy.downloadermiddlewares.downloadtimeout.DownloadTimeoutMiddleware',
 'scrapy.downloadermiddlewares.defaultheaders.DefaultHeadersMiddleware',
 'scrapy.downloadermiddlewares.useragent.UserAgentMiddleware',
 'scrapy.downloadermiddlewares.retry.RetryMiddleware',
 'scrapy.downloadermiddlewares.redirect.MetaRefreshMiddleware',
 'scrapy.downloadermiddlewares.httpcompression.HttpCompressionMiddleware',
 'scrapy.downloadermiddlewares.redirect.RedirectMiddleware',
 'scrapy.downloadermiddlewares.cookies.CookiesMiddleware',
 'scrapy.downloadermiddlewares.httpproxy.HttpProxyMiddleware',
 'scrapy.downloadermiddlewares.stats.DownloaderStats']
2022-03-01 15:08:02 [scrapy.middleware] INFO: Enabled spider middlewares:
['scrapy.spidermiddlewares.httperror.HttpErrorMiddleware',
 'scrapy.spidermiddlewares.offsite.OffsiteMiddleware',
 'scrapy.spidermiddlewares.referer.RefererMiddleware',
 'scrapy.spidermiddlewares.urllength.UrlLengthMiddleware',
 'scrapy.spidermiddlewares.depth.DepthMiddleware']
2022-03-01 15:08:02 [scrapy.middleware] INFO: Enabled item pipelines:
[]
2022-03-01 15:08:02 [scrapy.core.engine] INFO: Spider opened
2022-03-01 15:08:02 [scrapy.extensions.logstats] INFO: Crawled 0 pages (at 0 pages/min), scraped 0 items (at 0 items/min)
2022-03-01 15:08:02 [scrapy.extensions.telnet] INFO: Telnet console listening on 127.0.0.1:6023
2022-03-01 15:08:02 [scrapy.core.engine] DEBUG: Crawled (200) <GET https://www.imdb.com/robots.txt> (referer: None)
2022-03-01 15:08:02 [scrapy.crawler] INFO: Received SIGINT, shutting down gracefully. Send again to force 
2022-03-01 15:08:02 [scrapy.core.engine] INFO: Closing spider (shutdown)
2022-03-01 15:08:03 [scrapy.core.engine] DEBUG: Crawled (200) <GET https://www.imdb.com/> (referer: None)
2022-03-01 15:08:03 [scrapy.spidermiddlewares.offsite] DEBUG: Filtered offsite request to 'm.imdb.com': <GET https://m.imdb.com/feature/bestpicture/?ref_=nv_ch_osc>
2022-03-01 15:08:03 [scrapy.spidermiddlewares.offsite] DEBUG: Filtered offsite request to 'help.imdb.com': <GET https://help.imdb.com/imdb?ref_=cons_nb_hlp>
2022-03-01 15:08:03 [scrapy.spidermiddlewares.offsite] DEBUG: Filtered offsite request to 'contribute.imdb.com': <GET https://contribute.imdb.com/czone?ref_=nv_cm_cz>
2022-03-01 15:08:03 [scrapy.spidermiddlewares.offsite] DEBUG: Filtered offsite request to 'pro.imdb.com': <GET https://pro.imdb.com?ref_=cons_nb_hm&rf=cons_nb_hm>
2022-03-01 15:08:03 [scrapy.spidermiddlewares.offsite] DEBUG: Filtered offsite request to 'slyb.app.link': <GET https://slyb.app.link/SKdyQ6A449>
2022-03-01 15:08:03 [scrapy.spidermiddlewares.offsite] DEBUG: Filtered offsite request to 'facebook.com': <GET https://facebook.com/imdb>
2022-03-01 15:08:03 [scrapy.spidermiddlewares.offsite] DEBUG: Filtered offsite request to 'instagram.com': <GET https://instagram.com/imdb>
2022-03-01 15:08:03 [scrapy.spidermiddlewares.offsite] DEBUG: Filtered offsite request to 'twitch.tv': <GET https://twitch.tv/IMDb>
2022-03-01 15:08:03 [scrapy.spidermiddlewares.offsite] DEBUG: Filtered offsite request to 'twitter.com': <GET https://twitter.com/imdb>
2022-03-01 15:08:03 [scrapy.spidermiddlewares.offsite] DEBUG: Filtered offsite request to 'youtube.com': <GET https://youtube.com/imdb/>
2022-03-01 15:08:03 [scrapy.spidermiddlewares.offsite] DEBUG: Filtered offsite request to 'www.boxofficemojo.com': <GET https://www.boxofficemojo.com>
2022-03-01 15:08:03 [scrapy.spidermiddlewares.offsite] DEBUG: Filtered offsite request to 'developer.imdb.com': <GET https://developer.imdb.com/>
2022-03-01 15:08:03 [scrapy.spidermiddlewares.offsite] DEBUG: Filtered offsite request to 'advertising.amazon.com': <GET https://advertising.amazon.com/resources/ad-specs/imdb/>
2022-03-01 15:08:03 [scrapy.spidermiddlewares.offsite] DEBUG: Filtered offsite request to 'www.amazon.jobs': <GET https://www.amazon.jobs/en/teams/imdb>
2022-03-01 15:08:03 [scrapy.spidermiddlewares.offsite] DEBUG: Filtered offsite request to 'www.amazon.com': <GET https://www.amazon.com/b/?&node=5160028011>
2022-03-01 15:08:03 [scrapy.statscollectors] INFO: Dumping Scrapy stats:
{'downloader/request_bytes': 434,
 'downloader/request_count': 2,
 'downloader/request_method_count/GET': 2,
 'downloader/response_bytes': 107018,
 'downloader/response_count': 2,
 'downloader/response_status_count/200': 2,
 'elapsed_time_seconds': 1.53828,
 'finish_reason': 'shutdown',
 'finish_time': datetime.datetime(2022, 3, 1, 18, 8, 3, 655069),
 'httpcompression/response_bytes': 688455,
 'httpcompression/response_count': 1,
 'log_count/DEBUG': 17,
 'log_count/INFO': 11,
 'offsite/domains': 15,
 'offsite/filtered': 22,
 'request_depth_max': 1,
 'response_received_count': 2,
 'robotstxt/request_count': 1,
 'robotstxt/response_count': 1,
 'robotstxt/response_status_count/200': 1,
 'scheduler/dequeued': 1,
 'scheduler/dequeued/memory': 1,
 'scheduler/enqueued': 136,
 'scheduler/enqueued/memory': 136,
 'start_time': datetime.datetime(2022, 3, 1, 18, 8, 2, 116789)}
2022-03-01 15:08:03 [scrapy.core.engine] INFO: Spider closed (shutdown)
