2022-03-01 15:35:38 [scrapy.utils.log] INFO: Scrapy 2.5.1 started (bot: je_get_os)
2022-03-01 15:35:38 [scrapy.utils.log] INFO: Versions: lxml 4.8.0.0, libxml2 2.9.12, cssselect 1.1.0, parsel 1.6.0, w3lib 1.22.0, Twisted 22.1.0, Python 3.10.2 (tags/v3.10.2:a58ebcc, Jan 17 2022, 14:12:15) [MSC v.1929 64 bit (AMD64)], pyOpenSSL 22.0.0 (OpenSSL 1.1.1m  14 Dec 2021), cryptography 36.0.1, Platform Windows-10-10.0.22000-SP0
2022-03-01 15:35:38 [scrapy.utils.log] DEBUG: Using reactor: twisted.internet.selectreactor.SelectReactor
2022-03-01 15:35:38 [scrapy.crawler] INFO: Overridden settings:
{'BOT_NAME': 'je_get_os',
 'LOG_FILE': 'PostSpider.log',
 'NEWSPIDER_MODULE': 'je_get_os.spiders',
 'ROBOTSTXT_OBEY': True,
 'SPIDER_MODULES': ['je_get_os.spiders']}
2022-03-01 15:35:38 [scrapy.extensions.telnet] INFO: Telnet Password: 09102efa49e42872
2022-03-01 15:35:38 [scrapy.middleware] INFO: Enabled extensions:
['scrapy.extensions.corestats.CoreStats',
 'scrapy.extensions.telnet.TelnetConsole',
 'scrapy.extensions.logstats.LogStats']
2022-03-01 15:35:38 [scrapy.middleware] INFO: Enabled downloader middlewares:
['scrapy.downloadermiddlewares.robotstxt.RobotsTxtMiddleware',
 'scrapy.downloadermiddlewares.httpauth.HttpAuthMiddleware',
 'scrapy.downloadermiddlewares.downloadtimeout.DownloadTimeoutMiddleware',
 'scrapy.downloadermiddlewares.defaultheaders.DefaultHeadersMiddleware',
 'scrapy.downloadermiddlewares.useragent.UserAgentMiddleware',
 'scrapy.downloadermiddlewares.retry.RetryMiddleware',
 'scrapy.downloadermiddlewares.redirect.MetaRefreshMiddleware',
 'scrapy.downloadermiddlewares.httpcompression.HttpCompressionMiddleware',
 'scrapy.downloadermiddlewares.redirect.RedirectMiddleware',
 'scrapy.downloadermiddlewares.cookies.CookiesMiddleware',
 'scrapy.downloadermiddlewares.httpproxy.HttpProxyMiddleware',
 'scrapy.downloadermiddlewares.stats.DownloaderStats']
2022-03-01 15:35:38 [scrapy.middleware] INFO: Enabled spider middlewares:
['scrapy.spidermiddlewares.httperror.HttpErrorMiddleware',
 'scrapy.spidermiddlewares.offsite.OffsiteMiddleware',
 'scrapy.spidermiddlewares.referer.RefererMiddleware',
 'scrapy.spidermiddlewares.urllength.UrlLengthMiddleware',
 'scrapy.spidermiddlewares.depth.DepthMiddleware']
2022-03-01 15:35:38 [scrapy.middleware] INFO: Enabled item pipelines:
[]
2022-03-01 15:35:38 [scrapy.core.engine] INFO: Spider opened
2022-03-01 15:35:38 [scrapy.extensions.logstats] INFO: Crawled 0 pages (at 0 pages/min), scraped 0 items (at 0 items/min)
2022-03-01 15:35:38 [scrapy.extensions.telnet] INFO: Telnet console listening on 127.0.0.1:6023
2022-03-01 15:35:38 [scrapy.core.engine] ERROR: Error while obtaining start requests
Traceback (most recent call last):
  File "C:\Users\krish\AppData\Local\Programs\Python\Python310\lib\site-packages\scrapy\core\engine.py", line 129, in _next_request
    request = next(slot.start_requests)
  File "C:\Users\krish\GitRepos\je_get_os\je_get_os\spiders\post.py", line 13, in start_requests
    yield FormRequest('zencheck.com.br/Extintor/Login/Login', callback=self.parse,
  File "C:\Users\krish\AppData\Local\Programs\Python\Python310\lib\site-packages\scrapy\http\request\form.py", line 27, in __init__
    super().__init__(*args, **kwargs)
  File "C:\Users\krish\AppData\Local\Programs\Python\Python310\lib\site-packages\scrapy\http\request\__init__.py", line 25, in __init__
    self._set_url(url)
  File "C:\Users\krish\AppData\Local\Programs\Python\Python310\lib\site-packages\scrapy\http\request\__init__.py", line 73, in _set_url
    raise ValueError(f'Missing scheme in request url: {self._url}')
ValueError: Missing scheme in request url: zencheck.com.br/Extintor/Login/Login
2022-03-01 15:35:38 [scrapy.core.engine] INFO: Closing spider (finished)
2022-03-01 15:35:38 [scrapy.statscollectors] INFO: Dumping Scrapy stats:
{'elapsed_time_seconds': 0.005565,
 'finish_reason': 'finished',
 'finish_time': datetime.datetime(2022, 3, 1, 18, 35, 38, 981382),
 'log_count/ERROR': 1,
 'log_count/INFO': 10,
 'start_time': datetime.datetime(2022, 3, 1, 18, 35, 38, 975817)}
2022-03-01 15:35:38 [scrapy.core.engine] INFO: Spider closed (finished)
2022-03-01 15:35:55 [scrapy.utils.log] INFO: Scrapy 2.5.1 started (bot: je_get_os)
2022-03-01 15:35:55 [scrapy.utils.log] INFO: Versions: lxml 4.8.0.0, libxml2 2.9.12, cssselect 1.1.0, parsel 1.6.0, w3lib 1.22.0, Twisted 22.1.0, Python 3.10.2 (tags/v3.10.2:a58ebcc, Jan 17 2022, 14:12:15) [MSC v.1929 64 bit (AMD64)], pyOpenSSL 22.0.0 (OpenSSL 1.1.1m  14 Dec 2021), cryptography 36.0.1, Platform Windows-10-10.0.22000-SP0
2022-03-01 15:35:55 [scrapy.utils.log] DEBUG: Using reactor: twisted.internet.selectreactor.SelectReactor
2022-03-01 15:35:55 [scrapy.crawler] INFO: Overridden settings:
{'BOT_NAME': 'je_get_os',
 'LOG_FILE': 'PostSpider.log',
 'NEWSPIDER_MODULE': 'je_get_os.spiders',
 'ROBOTSTXT_OBEY': True,
 'SPIDER_MODULES': ['je_get_os.spiders']}
2022-03-01 15:35:55 [scrapy.extensions.telnet] INFO: Telnet Password: 18fea2a54db21696
2022-03-01 15:35:55 [scrapy.middleware] INFO: Enabled extensions:
['scrapy.extensions.corestats.CoreStats',
 'scrapy.extensions.telnet.TelnetConsole',
 'scrapy.extensions.logstats.LogStats']
2022-03-01 15:35:55 [scrapy.middleware] INFO: Enabled downloader middlewares:
['scrapy.downloadermiddlewares.robotstxt.RobotsTxtMiddleware',
 'scrapy.downloadermiddlewares.httpauth.HttpAuthMiddleware',
 'scrapy.downloadermiddlewares.downloadtimeout.DownloadTimeoutMiddleware',
 'scrapy.downloadermiddlewares.defaultheaders.DefaultHeadersMiddleware',
 'scrapy.downloadermiddlewares.useragent.UserAgentMiddleware',
 'scrapy.downloadermiddlewares.retry.RetryMiddleware',
 'scrapy.downloadermiddlewares.redirect.MetaRefreshMiddleware',
 'scrapy.downloadermiddlewares.httpcompression.HttpCompressionMiddleware',
 'scrapy.downloadermiddlewares.redirect.RedirectMiddleware',
 'scrapy.downloadermiddlewares.cookies.CookiesMiddleware',
 'scrapy.downloadermiddlewares.httpproxy.HttpProxyMiddleware',
 'scrapy.downloadermiddlewares.stats.DownloaderStats']
2022-03-01 15:35:55 [scrapy.middleware] INFO: Enabled spider middlewares:
['scrapy.spidermiddlewares.httperror.HttpErrorMiddleware',
 'scrapy.spidermiddlewares.offsite.OffsiteMiddleware',
 'scrapy.spidermiddlewares.referer.RefererMiddleware',
 'scrapy.spidermiddlewares.urllength.UrlLengthMiddleware',
 'scrapy.spidermiddlewares.depth.DepthMiddleware']
2022-03-01 15:35:55 [scrapy.middleware] INFO: Enabled item pipelines:
[]
2022-03-01 15:35:55 [scrapy.core.engine] INFO: Spider opened
2022-03-01 15:35:55 [scrapy.extensions.logstats] INFO: Crawled 0 pages (at 0 pages/min), scraped 0 items (at 0 items/min)
2022-03-01 15:35:55 [scrapy.extensions.telnet] INFO: Telnet console listening on 127.0.0.1:6023
2022-03-01 15:35:55 [scrapy.core.engine] ERROR: Error while obtaining start requests
Traceback (most recent call last):
  File "C:\Users\krish\AppData\Local\Programs\Python\Python310\lib\site-packages\scrapy\core\engine.py", line 129, in _next_request
    request = next(slot.start_requests)
  File "C:\Users\krish\GitRepos\je_get_os\je_get_os\spiders\post.py", line 13, in start_requests
    yield FormRequest('zencheck.com.br/Extintor/Login/Login', callback=self.parse,
  File "C:\Users\krish\AppData\Local\Programs\Python\Python310\lib\site-packages\scrapy\http\request\form.py", line 27, in __init__
    super().__init__(*args, **kwargs)
  File "C:\Users\krish\AppData\Local\Programs\Python\Python310\lib\site-packages\scrapy\http\request\__init__.py", line 25, in __init__
    self._set_url(url)
  File "C:\Users\krish\AppData\Local\Programs\Python\Python310\lib\site-packages\scrapy\http\request\__init__.py", line 73, in _set_url
    raise ValueError(f'Missing scheme in request url: {self._url}')
ValueError: Missing scheme in request url: zencheck.com.br/Extintor/Login/Login
2022-03-01 15:35:55 [scrapy.core.engine] INFO: Closing spider (finished)
2022-03-01 15:35:55 [scrapy.statscollectors] INFO: Dumping Scrapy stats:
{'elapsed_time_seconds': 0.001066,
 'finish_reason': 'finished',
 'finish_time': datetime.datetime(2022, 3, 1, 18, 35, 55, 233378),
 'log_count/ERROR': 1,
 'log_count/INFO': 10,
 'start_time': datetime.datetime(2022, 3, 1, 18, 35, 55, 232312)}
2022-03-01 15:35:55 [scrapy.core.engine] INFO: Spider closed (finished)
2022-03-01 15:37:42 [scrapy.utils.log] INFO: Scrapy 2.5.1 started (bot: je_get_os)
2022-03-01 15:37:42 [scrapy.utils.log] INFO: Versions: lxml 4.8.0.0, libxml2 2.9.12, cssselect 1.1.0, parsel 1.6.0, w3lib 1.22.0, Twisted 22.1.0, Python 3.10.2 (tags/v3.10.2:a58ebcc, Jan 17 2022, 14:12:15) [MSC v.1929 64 bit (AMD64)], pyOpenSSL 22.0.0 (OpenSSL 1.1.1m  14 Dec 2021), cryptography 36.0.1, Platform Windows-10-10.0.22000-SP0
2022-03-01 15:37:42 [scrapy.utils.log] DEBUG: Using reactor: twisted.internet.selectreactor.SelectReactor
2022-03-01 15:37:42 [scrapy.crawler] INFO: Overridden settings:
{'BOT_NAME': 'je_get_os',
 'LOG_FILE': 'PostSpider.log',
 'NEWSPIDER_MODULE': 'je_get_os.spiders',
 'ROBOTSTXT_OBEY': True,
 'SPIDER_MODULES': ['je_get_os.spiders']}
2022-03-01 15:37:42 [scrapy.extensions.telnet] INFO: Telnet Password: 3f636535ab9224bf
2022-03-01 15:37:42 [scrapy.middleware] INFO: Enabled extensions:
['scrapy.extensions.corestats.CoreStats',
 'scrapy.extensions.telnet.TelnetConsole',
 'scrapy.extensions.logstats.LogStats']
2022-03-01 15:37:43 [scrapy.middleware] INFO: Enabled downloader middlewares:
['scrapy.downloadermiddlewares.robotstxt.RobotsTxtMiddleware',
 'scrapy.downloadermiddlewares.httpauth.HttpAuthMiddleware',
 'scrapy.downloadermiddlewares.downloadtimeout.DownloadTimeoutMiddleware',
 'scrapy.downloadermiddlewares.defaultheaders.DefaultHeadersMiddleware',
 'scrapy.downloadermiddlewares.useragent.UserAgentMiddleware',
 'scrapy.downloadermiddlewares.retry.RetryMiddleware',
 'scrapy.downloadermiddlewares.redirect.MetaRefreshMiddleware',
 'scrapy.downloadermiddlewares.httpcompression.HttpCompressionMiddleware',
 'scrapy.downloadermiddlewares.redirect.RedirectMiddleware',
 'scrapy.downloadermiddlewares.cookies.CookiesMiddleware',
 'scrapy.downloadermiddlewares.httpproxy.HttpProxyMiddleware',
 'scrapy.downloadermiddlewares.stats.DownloaderStats']
2022-03-01 15:37:43 [scrapy.middleware] INFO: Enabled spider middlewares:
['scrapy.spidermiddlewares.httperror.HttpErrorMiddleware',
 'scrapy.spidermiddlewares.offsite.OffsiteMiddleware',
 'scrapy.spidermiddlewares.referer.RefererMiddleware',
 'scrapy.spidermiddlewares.urllength.UrlLengthMiddleware',
 'scrapy.spidermiddlewares.depth.DepthMiddleware']
2022-03-01 15:37:43 [scrapy.middleware] INFO: Enabled item pipelines:
[]
2022-03-01 15:37:43 [scrapy.core.engine] INFO: Spider opened
2022-03-01 15:37:43 [scrapy.extensions.logstats] INFO: Crawled 0 pages (at 0 pages/min), scraped 0 items (at 0 items/min)
2022-03-01 15:37:43 [scrapy.extensions.telnet] INFO: Telnet console listening on 127.0.0.1:6023
2022-03-01 15:37:48 [scrapy.core.engine] DEBUG: Crawled (404) <GET https://zencheck.com.br/robots.txt> (referer: None)
2022-03-01 15:37:48 [protego] DEBUG: Rule at line 1 without any user agent to enforce it on.
2022-03-01 15:37:48 [protego] DEBUG: Rule at line 2 without any user agent to enforce it on.
2022-03-01 15:37:48 [protego] DEBUG: Rule at line 8 without any user agent to enforce it on.
2022-03-01 15:37:48 [protego] DEBUG: Rule at line 9 without any user agent to enforce it on.
2022-03-01 15:37:48 [protego] DEBUG: Rule at line 10 without any user agent to enforce it on.
2022-03-01 15:37:48 [protego] DEBUG: Rule at line 11 without any user agent to enforce it on.
2022-03-01 15:37:48 [protego] DEBUG: Rule at line 12 without any user agent to enforce it on.
2022-03-01 15:37:53 [scrapy.core.engine] DEBUG: Crawled (200) <POST https://zencheck.com.br/Extintor/Login/Login> (referer: None)
2022-03-01 15:37:53 [scrapy.core.engine] INFO: Closing spider (finished)
2022-03-01 15:37:53 [scrapy.statscollectors] INFO: Dumping Scrapy stats:
{'downloader/request_bytes': 543,
 'downloader/request_count': 2,
 'downloader/request_method_count/GET': 1,
 'downloader/request_method_count/POST': 1,
 'downloader/response_bytes': 1986,
 'downloader/response_count': 2,
 'downloader/response_status_count/200': 1,
 'downloader/response_status_count/404': 1,
 'elapsed_time_seconds': 10.616157,
 'finish_reason': 'finished',
 'finish_time': datetime.datetime(2022, 3, 1, 18, 37, 53, 641805),
 'log_count/DEBUG': 9,
 'log_count/INFO': 10,
 'response_received_count': 2,
 'robotstxt/request_count': 1,
 'robotstxt/response_count': 1,
 'robotstxt/response_status_count/404': 1,
 'scheduler/dequeued': 1,
 'scheduler/dequeued/memory': 1,
 'scheduler/enqueued': 1,
 'scheduler/enqueued/memory': 1,
 'start_time': datetime.datetime(2022, 3, 1, 18, 37, 43, 25648)}
2022-03-01 15:37:53 [scrapy.core.engine] INFO: Spider closed (finished)
2022-03-01 15:39:02 [scrapy.utils.log] INFO: Scrapy 2.5.1 started (bot: je_get_os)
2022-03-01 15:39:02 [scrapy.utils.log] INFO: Versions: lxml 4.8.0.0, libxml2 2.9.12, cssselect 1.1.0, parsel 1.6.0, w3lib 1.22.0, Twisted 22.1.0, Python 3.10.2 (tags/v3.10.2:a58ebcc, Jan 17 2022, 14:12:15) [MSC v.1929 64 bit (AMD64)], pyOpenSSL 22.0.0 (OpenSSL 1.1.1m  14 Dec 2021), cryptography 36.0.1, Platform Windows-10-10.0.22000-SP0
2022-03-01 15:39:02 [scrapy.utils.log] DEBUG: Using reactor: twisted.internet.selectreactor.SelectReactor
2022-03-01 15:39:02 [scrapy.crawler] INFO: Overridden settings:
{'BOT_NAME': 'je_get_os',
 'LOG_FILE': 'PostSpider.log',
 'NEWSPIDER_MODULE': 'je_get_os.spiders',
 'ROBOTSTXT_OBEY': True,
 'SPIDER_MODULES': ['je_get_os.spiders']}
2022-03-01 15:39:02 [scrapy.extensions.telnet] INFO: Telnet Password: bc61ec2aeab34f02
2022-03-01 15:39:02 [scrapy.middleware] INFO: Enabled extensions:
['scrapy.extensions.corestats.CoreStats',
 'scrapy.extensions.telnet.TelnetConsole',
 'scrapy.extensions.logstats.LogStats']
2022-03-01 15:39:02 [scrapy.middleware] INFO: Enabled downloader middlewares:
['scrapy.downloadermiddlewares.robotstxt.RobotsTxtMiddleware',
 'scrapy.downloadermiddlewares.httpauth.HttpAuthMiddleware',
 'scrapy.downloadermiddlewares.downloadtimeout.DownloadTimeoutMiddleware',
 'scrapy.downloadermiddlewares.defaultheaders.DefaultHeadersMiddleware',
 'scrapy.downloadermiddlewares.useragent.UserAgentMiddleware',
 'scrapy.downloadermiddlewares.retry.RetryMiddleware',
 'scrapy.downloadermiddlewares.redirect.MetaRefreshMiddleware',
 'scrapy.downloadermiddlewares.httpcompression.HttpCompressionMiddleware',
 'scrapy.downloadermiddlewares.redirect.RedirectMiddleware',
 'scrapy.downloadermiddlewares.cookies.CookiesMiddleware',
 'scrapy.downloadermiddlewares.httpproxy.HttpProxyMiddleware',
 'scrapy.downloadermiddlewares.stats.DownloaderStats']
2022-03-01 15:39:02 [scrapy.middleware] INFO: Enabled spider middlewares:
['scrapy.spidermiddlewares.httperror.HttpErrorMiddleware',
 'scrapy.spidermiddlewares.offsite.OffsiteMiddleware',
 'scrapy.spidermiddlewares.referer.RefererMiddleware',
 'scrapy.spidermiddlewares.urllength.UrlLengthMiddleware',
 'scrapy.spidermiddlewares.depth.DepthMiddleware']
2022-03-01 15:39:02 [scrapy.middleware] INFO: Enabled item pipelines:
[]
2022-03-01 15:39:02 [scrapy.core.engine] INFO: Spider opened
2022-03-01 15:39:02 [scrapy.extensions.logstats] INFO: Crawled 0 pages (at 0 pages/min), scraped 0 items (at 0 items/min)
2022-03-01 15:39:02 [scrapy.extensions.telnet] INFO: Telnet console listening on 127.0.0.1:6023
2022-03-01 15:39:08 [scrapy.core.engine] DEBUG: Crawled (404) <GET https://zencheck.com.br/robots.txt> (referer: None)
2022-03-01 15:39:08 [protego] DEBUG: Rule at line 1 without any user agent to enforce it on.
2022-03-01 15:39:08 [protego] DEBUG: Rule at line 2 without any user agent to enforce it on.
2022-03-01 15:39:08 [protego] DEBUG: Rule at line 8 without any user agent to enforce it on.
2022-03-01 15:39:08 [protego] DEBUG: Rule at line 9 without any user agent to enforce it on.
2022-03-01 15:39:08 [protego] DEBUG: Rule at line 10 without any user agent to enforce it on.
2022-03-01 15:39:08 [protego] DEBUG: Rule at line 11 without any user agent to enforce it on.
2022-03-01 15:39:08 [protego] DEBUG: Rule at line 12 without any user agent to enforce it on.
2022-03-01 15:39:12 [scrapy.core.engine] DEBUG: Crawled (200) <POST https://zencheck.com.br/Extintor/Login/Login> (referer: None)
2022-03-01 15:39:13 [scrapy.core.scraper] ERROR: Spider error processing <POST https://zencheck.com.br/Extintor/Login/Login> (referer: None)
Traceback (most recent call last):
  File "C:\Users\krish\AppData\Local\Programs\Python\Python310\lib\site-packages\twisted\internet\defer.py", line 857, in _runCallbacks
    current.result = callback(  # type: ignore[misc]
  File "C:\Users\krish\GitRepos\je_get_os\je_get_os\spiders\post.py", line 18, in parse
    print("Esta é a resposta: "+response)
TypeError: can only concatenate str (not "TextResponse") to str
2022-03-01 15:39:13 [scrapy.core.engine] INFO: Closing spider (finished)
2022-03-01 15:39:13 [scrapy.statscollectors] INFO: Dumping Scrapy stats:
{'downloader/request_bytes': 543,
 'downloader/request_count': 2,
 'downloader/request_method_count/GET': 1,
 'downloader/request_method_count/POST': 1,
 'downloader/response_bytes': 1986,
 'downloader/response_count': 2,
 'downloader/response_status_count/200': 1,
 'downloader/response_status_count/404': 1,
 'elapsed_time_seconds': 10.498484,
 'finish_reason': 'finished',
 'finish_time': datetime.datetime(2022, 3, 1, 18, 39, 13, 125441),
 'log_count/DEBUG': 9,
 'log_count/ERROR': 1,
 'log_count/INFO': 10,
 'response_received_count': 2,
 'robotstxt/request_count': 1,
 'robotstxt/response_count': 1,
 'robotstxt/response_status_count/404': 1,
 'scheduler/dequeued': 1,
 'scheduler/dequeued/memory': 1,
 'scheduler/enqueued': 1,
 'scheduler/enqueued/memory': 1,
 'spider_exceptions/TypeError': 1,
 'start_time': datetime.datetime(2022, 3, 1, 18, 39, 2, 626957)}
2022-03-01 15:39:13 [scrapy.core.engine] INFO: Spider closed (finished)
2022-03-01 15:41:38 [scrapy.utils.log] INFO: Scrapy 2.5.1 started (bot: je_get_os)
2022-03-01 15:41:38 [scrapy.utils.log] INFO: Versions: lxml 4.8.0.0, libxml2 2.9.12, cssselect 1.1.0, parsel 1.6.0, w3lib 1.22.0, Twisted 22.1.0, Python 3.10.2 (tags/v3.10.2:a58ebcc, Jan 17 2022, 14:12:15) [MSC v.1929 64 bit (AMD64)], pyOpenSSL 22.0.0 (OpenSSL 1.1.1m  14 Dec 2021), cryptography 36.0.1, Platform Windows-10-10.0.22000-SP0
2022-03-01 15:41:38 [scrapy.utils.log] DEBUG: Using reactor: twisted.internet.selectreactor.SelectReactor
2022-03-01 15:41:38 [scrapy.crawler] INFO: Overridden settings:
{'BOT_NAME': 'je_get_os',
 'LOG_FILE': 'PostSpider.log',
 'NEWSPIDER_MODULE': 'je_get_os.spiders',
 'ROBOTSTXT_OBEY': True,
 'SPIDER_MODULES': ['je_get_os.spiders']}
2022-03-01 15:41:38 [scrapy.extensions.telnet] INFO: Telnet Password: fd51e073f6525d4e
2022-03-01 15:41:38 [scrapy.middleware] INFO: Enabled extensions:
['scrapy.extensions.corestats.CoreStats',
 'scrapy.extensions.telnet.TelnetConsole',
 'scrapy.extensions.logstats.LogStats']
2022-03-01 15:41:38 [scrapy.middleware] INFO: Enabled downloader middlewares:
['scrapy.downloadermiddlewares.robotstxt.RobotsTxtMiddleware',
 'scrapy.downloadermiddlewares.httpauth.HttpAuthMiddleware',
 'scrapy.downloadermiddlewares.downloadtimeout.DownloadTimeoutMiddleware',
 'scrapy.downloadermiddlewares.defaultheaders.DefaultHeadersMiddleware',
 'scrapy.downloadermiddlewares.useragent.UserAgentMiddleware',
 'scrapy.downloadermiddlewares.retry.RetryMiddleware',
 'scrapy.downloadermiddlewares.redirect.MetaRefreshMiddleware',
 'scrapy.downloadermiddlewares.httpcompression.HttpCompressionMiddleware',
 'scrapy.downloadermiddlewares.redirect.RedirectMiddleware',
 'scrapy.downloadermiddlewares.cookies.CookiesMiddleware',
 'scrapy.downloadermiddlewares.httpproxy.HttpProxyMiddleware',
 'scrapy.downloadermiddlewares.stats.DownloaderStats']
2022-03-01 15:41:38 [scrapy.middleware] INFO: Enabled spider middlewares:
['scrapy.spidermiddlewares.httperror.HttpErrorMiddleware',
 'scrapy.spidermiddlewares.offsite.OffsiteMiddleware',
 'scrapy.spidermiddlewares.referer.RefererMiddleware',
 'scrapy.spidermiddlewares.urllength.UrlLengthMiddleware',
 'scrapy.spidermiddlewares.depth.DepthMiddleware']
2022-03-01 15:41:38 [scrapy.middleware] INFO: Enabled item pipelines:
[]
2022-03-01 15:41:38 [scrapy.core.engine] INFO: Spider opened
2022-03-01 15:41:38 [scrapy.extensions.logstats] INFO: Crawled 0 pages (at 0 pages/min), scraped 0 items (at 0 items/min)
2022-03-01 15:41:38 [scrapy.extensions.telnet] INFO: Telnet console listening on 127.0.0.1:6023
2022-03-01 15:41:44 [scrapy.core.engine] DEBUG: Crawled (404) <GET https://zencheck.com.br/robots.txt> (referer: None)
2022-03-01 15:41:44 [protego] DEBUG: Rule at line 1 without any user agent to enforce it on.
2022-03-01 15:41:44 [protego] DEBUG: Rule at line 2 without any user agent to enforce it on.
2022-03-01 15:41:44 [protego] DEBUG: Rule at line 8 without any user agent to enforce it on.
2022-03-01 15:41:44 [protego] DEBUG: Rule at line 9 without any user agent to enforce it on.
2022-03-01 15:41:44 [protego] DEBUG: Rule at line 10 without any user agent to enforce it on.
2022-03-01 15:41:44 [protego] DEBUG: Rule at line 11 without any user agent to enforce it on.
2022-03-01 15:41:44 [protego] DEBUG: Rule at line 12 without any user agent to enforce it on.
2022-03-01 15:41:49 [scrapy.core.engine] DEBUG: Crawled (200) <POST https://zencheck.com.br/Extintor/Login/Login> (referer: None)
2022-03-01 15:41:49 [scrapy.core.engine] INFO: Closing spider (finished)
2022-03-01 15:41:49 [scrapy.statscollectors] INFO: Dumping Scrapy stats:
{'downloader/request_bytes': 543,
 'downloader/request_count': 2,
 'downloader/request_method_count/GET': 1,
 'downloader/request_method_count/POST': 1,
 'downloader/response_bytes': 1986,
 'downloader/response_count': 2,
 'downloader/response_status_count/200': 1,
 'downloader/response_status_count/404': 1,
 'elapsed_time_seconds': 10.285013,
 'finish_reason': 'finished',
 'finish_time': datetime.datetime(2022, 3, 1, 18, 41, 49, 197441),
 'log_count/DEBUG': 9,
 'log_count/INFO': 10,
 'response_received_count': 2,
 'robotstxt/request_count': 1,
 'robotstxt/response_count': 1,
 'robotstxt/response_status_count/404': 1,
 'scheduler/dequeued': 1,
 'scheduler/dequeued/memory': 1,
 'scheduler/enqueued': 1,
 'scheduler/enqueued/memory': 1,
 'start_time': datetime.datetime(2022, 3, 1, 18, 41, 38, 912428)}
2022-03-01 15:41:49 [scrapy.core.engine] INFO: Spider closed (finished)
